0 info it worked if it ends with ok
1 verbose cli [
1 verbose cli   '/usr/local/bin/node',
1 verbose cli   '/usr/local/bin/npm',
1 verbose cli   '--no-update-notifier',
1 verbose cli   '--no-fund',
1 verbose cli   'start',
1 verbose cli   '--cache',
1 verbose cli   '/data/.npm',
1 verbose cli   '--',
1 verbose cli   '--userDir',
1 verbose cli   '/data',
1 verbose cli   'node-red-reload'
1 verbose cli ]
2 info using npm@6.14.15
3 info using node@v14.18.2
4 verbose stack Error: ENOENT: no such file or directory, open '/data/package.json'
5 verbose cwd /data
6 verbose Linux 5.13.0-39-generic
7 verbose argv "/usr/local/bin/node" "/usr/local/bin/npm" "--no-update-notifier" "--no-fund" "start" "--cache" "/data/.npm" "--" "--userDir" "/data" "node-red-reload"
8 verbose node v14.18.2
9 verbose npm  v6.14.15
10 error code ENOENT
11 error syscall open
12 error path /data/package.json
13 error errno -2
14 error enoent ENOENT: no such file or directory, open '/data/package.json'
15 error enoent This is related to npm not being able to find a file.
16 verbose exit [ -2, true ]
